[2026-02-28T12:42:50.605+0000] {local_task_job_runner.py:120} INFO - ::group::Pre task execution logs
[2026-02-28T12:42:50.638+0000] {taskinstance.py:2076} INFO - Dependencies all met for dep_context=non-requeueable deps ti=<TaskInstance: flights_ops_medallion_pipe.load_gold_to_snowflake scheduled__2026-02-27T20:00:00+00:00 [queued]>
[2026-02-28T12:42:50.645+0000] {taskinstance.py:2076} INFO - Dependencies all met for dep_context=requeueable deps ti=<TaskInstance: flights_ops_medallion_pipe.load_gold_to_snowflake scheduled__2026-02-27T20:00:00+00:00 [queued]>
[2026-02-28T12:42:50.645+0000] {taskinstance.py:2306} INFO - Starting attempt 1 of 1
[2026-02-28T12:42:50.655+0000] {taskinstance.py:2330} INFO - Executing <Task(PythonOperator): load_gold_to_snowflake> on 2026-02-27 20:00:00+00:00
[2026-02-28T12:42:50.662+0000] {standard_task_runner.py:90} INFO - Running: ['airflow', 'tasks', 'run', 'flights_ops_medallion_pipe', 'load_gold_to_snowflake', 'scheduled__2026-02-27T20:00:00+00:00', '--job-id', '108', '--raw', '--subdir', 'DAGS_FOLDER/flight-pipeline.py', '--cfg-path', '/tmp/tmpnxniu6zd']
[2026-02-28T12:42:50.665+0000] {standard_task_runner.py:91} INFO - Job 108: Subtask load_gold_to_snowflake
[2026-02-28T12:42:50.666+0000] {logging_mixin.py:188} WARNING - /home/airflow/.local/lib/python3.12/site-packages/airflow/task/task_runner/standard_task_runner.py:62 DeprecationWarning: This process (pid=47) is multi-threaded, use of fork() may lead to deadlocks in the child.
[2026-02-28T12:42:50.667+0000] {standard_task_runner.py:64} INFO - Started process 61 to run task
[2026-02-28T12:42:50.739+0000] {task_command.py:426} INFO - Running <TaskInstance: flights_ops_medallion_pipe.load_gold_to_snowflake scheduled__2026-02-27T20:00:00+00:00 [running]> on host a531e0929970
[2026-02-28T12:42:50.847+0000] {taskinstance.py:2648} INFO - Exporting env vars: AIRFLOW_CTX_DAG_OWNER='airflow' AIRFLOW_CTX_DAG_ID='flights_ops_medallion_pipe' AIRFLOW_CTX_TASK_ID='load_gold_to_snowflake' AIRFLOW_CTX_EXECUTION_DATE='2026-02-27T20:00:00+00:00' AIRFLOW_CTX_TRY_NUMBER='1' AIRFLOW_CTX_DAG_RUN_ID='scheduled__2026-02-27T20:00:00+00:00'
[2026-02-28T12:42:50.848+0000] {taskinstance.py:430} INFO - ::endgroup::
[2026-02-28T12:42:50.905+0000] {base.py:84} INFO - Using connection ID 'flight_snowflake' for task execution.
[2026-02-28T12:42:50.906+0000] {connection.py:408} INFO - Snowflake Connector for Python Version: 3.11.0, Python Version: 3.12.4, Platform: Linux-6.10.14-linuxkit-x86_64-with-glibc2.36
[2026-02-28T12:42:50.908+0000] {connection.py:1258} INFO - This connection is in OCSP Fail Open Mode. TLS Certificates would be checked for validity and revocation status. Any other Certificate Revocation related exceptions or OCSP Responder failures would be disregarded in favor of connectivity.
[2026-02-28T12:43:01.010+0000] {local_task_job_runner.py:124} ERROR - Received SIGTERM. Terminating subprocesses
[2026-02-28T12:43:01.013+0000] {process_utils.py:132} INFO - Sending 15 to group 61. PIDs of all processes in the group: [61]
[2026-02-28T12:43:01.014+0000] {process_utils.py:87} INFO - Sending the signal 15 to group 61
[2026-02-28T12:43:01.015+0000] {taskinstance.py:2611} ERROR - Received SIGTERM. Terminating subprocesses.
[2026-02-28T12:43:01.017+0000] {taskinstance.py:441} INFO - ::group::Post task execution logs
[2026-02-28T12:43:01.028+0000] {local_task_job_runner.py:124} ERROR - Received SIGTERM. Terminating subprocesses
[2026-02-28T12:43:01.029+0000] {process_utils.py:132} INFO - Sending 15 to group 61. PIDs of all processes in the group: [61]
[2026-02-28T12:43:01.031+0000] {process_utils.py:87} INFO - Sending the signal 15 to group 61
[2026-02-28T12:43:01.033+0000] {taskinstance.py:2611} ERROR - Received SIGTERM. Terminating subprocesses.
[2026-02-28T12:43:01.043+0000] {process_utils.py:80} INFO - Process psutil.Process(pid=61, status='terminated', exitcode=2, started='12:42:50') (61) terminated with exit code 2
[2026-02-28T12:43:01.044+0000] {local_task_job_runner.py:243} INFO - Task exited with return code 143
[2026-02-28T12:43:01.089+0000] {taskinstance.py:3503} INFO - 0 downstream tasks scheduled from follow-on schedule check
[2026-02-28T12:43:01.094+0000] {process_utils.py:80} INFO - Process psutil.Process(pid=61, status='terminated', started='12:42:50') (61) terminated with exit code None
[2026-02-28T12:43:01.097+0000] {local_task_job_runner.py:222} INFO - ::endgroup::
[2026-02-28T12:43:09.856+0000] {local_task_job_runner.py:120} INFO - ::group::Pre task execution logs
[2026-02-28T12:43:09.893+0000] {taskinstance.py:2066} INFO - Dependencies not met for <TaskInstance: flights_ops_medallion_pipe.load_gold_to_snowflake scheduled__2026-02-27T20:00:00+00:00 [running]>, dependency 'Task Instance State' FAILED: Task is in the 'running' state.
[2026-02-28T12:43:09.894+0000] {taskinstance.py:2066} INFO - Dependencies not met for <TaskInstance: flights_ops_medallion_pipe.load_gold_to_snowflake scheduled__2026-02-27T20:00:00+00:00 [running]>, dependency 'Task Instance Not Running' FAILED: Task is in the running state
[2026-02-28T12:43:09.899+0000] {local_task_job_runner.py:163} INFO - Task is not able to be run
