[2026-02-26T19:30:23.796+0000] {local_task_job_runner.py:120} INFO - ::group::Pre task execution logs
[2026-02-26T19:30:23.840+0000] {taskinstance.py:2076} INFO - Dependencies all met for dep_context=non-requeueable deps ti=<TaskInstance: flights_ops_medallion_pipe.load_gold_to_snowflake scheduled__2026-02-26T19:00:00+00:00 [queued]>
[2026-02-26T19:30:23.853+0000] {taskinstance.py:2076} INFO - Dependencies all met for dep_context=requeueable deps ti=<TaskInstance: flights_ops_medallion_pipe.load_gold_to_snowflake scheduled__2026-02-26T19:00:00+00:00 [queued]>
[2026-02-26T19:30:23.855+0000] {taskinstance.py:2306} INFO - Starting attempt 1 of 1
[2026-02-26T19:30:23.872+0000] {taskinstance.py:2330} INFO - Executing <Task(PythonOperator): load_gold_to_snowflake> on 2026-02-26 19:00:00+00:00
[2026-02-26T19:30:23.888+0000] {standard_task_runner.py:90} INFO - Running: ['airflow', 'tasks', 'run', 'flights_ops_medallion_pipe', 'load_gold_to_snowflake', 'scheduled__2026-02-26T19:00:00+00:00', '--job-id', '64', '--raw', '--subdir', 'DAGS_FOLDER/flight-pipeline.py', '--cfg-path', '/tmp/tmpo1uz2ob2']
[2026-02-26T19:30:23.891+0000] {standard_task_runner.py:91} INFO - Job 64: Subtask load_gold_to_snowflake
[2026-02-26T19:30:23.892+0000] {logging_mixin.py:188} WARNING - /home/airflow/.local/lib/python3.12/site-packages/airflow/task/task_runner/standard_task_runner.py:62 DeprecationWarning: This process (pid=1246) is multi-threaded, use of fork() may lead to deadlocks in the child.
[2026-02-26T19:30:23.894+0000] {standard_task_runner.py:64} INFO - Started process 1260 to run task
[2026-02-26T19:30:23.974+0000] {task_command.py:426} INFO - Running <TaskInstance: flights_ops_medallion_pipe.load_gold_to_snowflake scheduled__2026-02-26T19:00:00+00:00 [running]> on host a531e0929970
[2026-02-26T19:30:24.122+0000] {taskinstance.py:2648} INFO - Exporting env vars: AIRFLOW_CTX_DAG_OWNER='airflow' AIRFLOW_CTX_DAG_ID='flights_ops_medallion_pipe' AIRFLOW_CTX_TASK_ID='load_gold_to_snowflake' AIRFLOW_CTX_EXECUTION_DATE='2026-02-26T19:00:00+00:00' AIRFLOW_CTX_TRY_NUMBER='1' AIRFLOW_CTX_DAG_RUN_ID='scheduled__2026-02-26T19:00:00+00:00'
[2026-02-26T19:30:24.124+0000] {taskinstance.py:430} INFO - ::endgroup::
[2026-02-26T19:30:24.183+0000] {base.py:84} INFO - Using connection ID 'flight_snowflake' for task execution.
[2026-02-26T19:30:24.186+0000] {connection.py:408} INFO - Snowflake Connector for Python Version: 3.11.0, Python Version: 3.12.4, Platform: Linux-6.10.14-linuxkit-x86_64-with-glibc2.36
[2026-02-26T19:30:24.190+0000] {connection.py:1258} INFO - This connection is in OCSP Fail Open Mode. TLS Certificates would be checked for validity and revocation status. Any other Certificate Revocation related exceptions or OCSP Responder failures would be disregarded in favor of connectivity.
[2026-02-26T19:30:26.388+0000] {taskinstance.py:441} INFO - ::group::Post task execution logs
[2026-02-26T19:30:26.390+0000] {taskinstance.py:2905} ERROR - Task failed with exception
Traceback (most recent call last):
  File "/home/airflow/.local/lib/python3.12/site-packages/airflow/models/taskinstance.py", line 465, in _execute_task
    result = _execute_callable(context=context, **execute_callable_kwargs)
             ^^^^^^^^^^^^^^^^^^^^^^^^^^^^^^^^^^^^^^^^^^^^^^^^^^^^^^^^^^^^^
  File "/home/airflow/.local/lib/python3.12/site-packages/airflow/models/taskinstance.py", line 432, in _execute_callable
    return execute_callable(context=context, **execute_callable_kwargs)
           ^^^^^^^^^^^^^^^^^^^^^^^^^^^^^^^^^^^^^^^^^^^^^^^^^^^^^^^^^^^^
  File "/home/airflow/.local/lib/python3.12/site-packages/airflow/models/baseoperator.py", line 401, in wrapper
    return func(self, *args, **kwargs)
           ^^^^^^^^^^^^^^^^^^^^^^^^^^^
  File "/home/airflow/.local/lib/python3.12/site-packages/airflow/operators/python.py", line 235, in execute
    return_value = self.execute_callable()
                   ^^^^^^^^^^^^^^^^^^^^^^^
  File "/home/airflow/.local/lib/python3.12/site-packages/airflow/operators/python.py", line 252, in execute_callable
    return self.python_callable(*self.op_args, **self.op_kwargs)
           ^^^^^^^^^^^^^^^^^^^^^^^^^^^^^^^^^^^^^^^^^^^^^^^^^^^^^
  File "/opt/airflow/scripts/load_gold_to_snowflake.py", line 51, in load_gold_to_snowflake
    cursor.execute(merge_sql, (
  File "/home/airflow/.local/lib/python3.12/site-packages/snowflake/connector/cursor.py", line 1080, in execute
    Error.errorhandler_wrapper(self.connection, self, error_class, errvalue)
  File "/home/airflow/.local/lib/python3.12/site-packages/snowflake/connector/errors.py", line 290, in errorhandler_wrapper
    handed_over = Error.hand_to_other_handler(
                  ^^^^^^^^^^^^^^^^^^^^^^^^^^^^
  File "/home/airflow/.local/lib/python3.12/site-packages/snowflake/connector/errors.py", line 345, in hand_to_other_handler
    cursor.errorhandler(connection, cursor, error_class, error_value)
  File "/home/airflow/.local/lib/python3.12/site-packages/snowflake/connector/errors.py", line 221, in default_errorhandler
    raise error_class(
snowflake.connector.errors.ProgrammingError: 001003 (42000): 01c2ad52-0001-9cf8-0000-000c8ad26719: SQL compilation error:
syntax error line 17 at position 12 unexpected 'LOAD_TIME'.
[2026-02-26T19:30:26.432+0000] {taskinstance.py:1206} INFO - Marking task as FAILED. dag_id=flights_ops_medallion_pipe, task_id=load_gold_to_snowflake, run_id=scheduled__2026-02-26T19:00:00+00:00, execution_date=20260226T190000, start_date=20260226T193023, end_date=20260226T193026
[2026-02-26T19:30:26.452+0000] {standard_task_runner.py:110} ERROR - Failed to execute job 64 for task load_gold_to_snowflake (001003 (42000): 01c2ad52-0001-9cf8-0000-000c8ad26719: SQL compilation error:
syntax error line 17 at position 12 unexpected 'LOAD_TIME'.; 1260)
[2026-02-26T19:30:26.502+0000] {local_task_job_runner.py:243} INFO - Task exited with return code 1
[2026-02-26T19:30:26.530+0000] {taskinstance.py:3503} INFO - 0 downstream tasks scheduled from follow-on schedule check
[2026-02-26T19:30:26.533+0000] {local_task_job_runner.py:222} INFO - ::endgroup::
