[2026-02-25T22:32:18.872+0000] {local_task_job_runner.py:120} INFO - ::group::Pre task execution logs
[2026-02-25T22:32:18.902+0000] {taskinstance.py:2076} INFO - Dependencies all met for dep_context=non-requeueable deps ti=<TaskInstance: flights_ops_medallion_pipe.silver_transform manual__2026-02-25T22:32:09.222738+00:00 [queued]>
[2026-02-25T22:32:18.908+0000] {taskinstance.py:2076} INFO - Dependencies all met for dep_context=requeueable deps ti=<TaskInstance: flights_ops_medallion_pipe.silver_transform manual__2026-02-25T22:32:09.222738+00:00 [queued]>
[2026-02-25T22:32:18.909+0000] {taskinstance.py:2306} INFO - Starting attempt 1 of 1
[2026-02-25T22:32:18.921+0000] {taskinstance.py:2330} INFO - Executing <Task(PythonOperator): silver_transform> on 2026-02-25 22:32:09.222738+00:00
[2026-02-25T22:32:18.929+0000] {standard_task_runner.py:90} INFO - Running: ['airflow', 'tasks', 'run', 'flights_ops_medallion_pipe', 'silver_transform', 'manual__2026-02-25T22:32:09.222738+00:00', '--job-id', '29', '--raw', '--subdir', 'DAGS_FOLDER/flight-pipeline.py', '--cfg-path', '/tmp/tmp4hqz5l_1']
[2026-02-25T22:32:18.932+0000] {standard_task_runner.py:91} INFO - Job 29: Subtask silver_transform
[2026-02-25T22:32:18.933+0000] {logging_mixin.py:188} WARNING - /home/airflow/.local/lib/python3.12/site-packages/airflow/task/task_runner/standard_task_runner.py:62 DeprecationWarning: This process (pid=219) is multi-threaded, use of fork() may lead to deadlocks in the child.
[2026-02-25T22:32:18.935+0000] {standard_task_runner.py:64} INFO - Started process 232 to run task
[2026-02-25T22:32:18.994+0000] {task_command.py:426} INFO - Running <TaskInstance: flights_ops_medallion_pipe.silver_transform manual__2026-02-25T22:32:09.222738+00:00 [running]> on host a531e0929970
[2026-02-25T22:32:19.092+0000] {taskinstance.py:2648} INFO - Exporting env vars: AIRFLOW_CTX_DAG_OWNER='airflow' AIRFLOW_CTX_DAG_ID='flights_ops_medallion_pipe' AIRFLOW_CTX_TASK_ID='silver_transform' AIRFLOW_CTX_EXECUTION_DATE='2026-02-25T22:32:09.222738+00:00' AIRFLOW_CTX_TRY_NUMBER='1' AIRFLOW_CTX_DAG_RUN_ID='manual__2026-02-25T22:32:09.222738+00:00'
[2026-02-25T22:32:19.093+0000] {taskinstance.py:430} INFO - ::endgroup::
[2026-02-25T22:32:19.166+0000] {taskinstance.py:441} INFO - ::group::Post task execution logs
[2026-02-25T22:32:19.166+0000] {taskinstance.py:2905} ERROR - Task failed with exception
Traceback (most recent call last):
  File "/home/airflow/.local/lib/python3.12/site-packages/airflow/models/taskinstance.py", line 465, in _execute_task
    result = _execute_callable(context=context, **execute_callable_kwargs)
             ^^^^^^^^^^^^^^^^^^^^^^^^^^^^^^^^^^^^^^^^^^^^^^^^^^^^^^^^^^^^^
  File "/home/airflow/.local/lib/python3.12/site-packages/airflow/models/taskinstance.py", line 432, in _execute_callable
    return execute_callable(context=context, **execute_callable_kwargs)
           ^^^^^^^^^^^^^^^^^^^^^^^^^^^^^^^^^^^^^^^^^^^^^^^^^^^^^^^^^^^^
  File "/home/airflow/.local/lib/python3.12/site-packages/airflow/models/baseoperator.py", line 401, in wrapper
    return func(self, *args, **kwargs)
           ^^^^^^^^^^^^^^^^^^^^^^^^^^^
  File "/home/airflow/.local/lib/python3.12/site-packages/airflow/operators/python.py", line 235, in execute
    return_value = self.execute_callable()
                   ^^^^^^^^^^^^^^^^^^^^^^^
  File "/home/airflow/.local/lib/python3.12/site-packages/airflow/operators/python.py", line 252, in execute_callable
    return self.python_callable(*self.op_args, **self.op_kwargs)
           ^^^^^^^^^^^^^^^^^^^^^^^^^^^^^^^^^^^^^^^^^^^^^^^^^^^^^
  File "/opt/airflow/scripts/silver_transform.py", line 36, in run_silver_transform
    output_file = silver_path / f"flights_silver_{executioin_date}.csv"
                                                  ^^^^^^^^^^^^^^^
NameError: name 'executioin_date' is not defined. Did you mean: 'execution_date'?
[2026-02-25T22:32:19.184+0000] {taskinstance.py:1206} INFO - Marking task as FAILED. dag_id=flights_ops_medallion_pipe, task_id=silver_transform, run_id=manual__2026-02-25T22:32:09.222738+00:00, execution_date=20260225T223209, start_date=20260225T223218, end_date=20260225T223219
[2026-02-25T22:32:19.200+0000] {standard_task_runner.py:110} ERROR - Failed to execute job 29 for task silver_transform (name 'executioin_date' is not defined; 232)
[2026-02-25T22:32:19.243+0000] {local_task_job_runner.py:243} INFO - Task exited with return code 1
[2026-02-25T22:32:19.267+0000] {taskinstance.py:3503} INFO - 0 downstream tasks scheduled from follow-on schedule check
[2026-02-25T22:32:19.269+0000] {local_task_job_runner.py:222} INFO - ::endgroup::
