[2026-02-27T20:52:12.774+0000] {processor.py:161} INFO - Started process (PID=29) to work on /opt/airflow/dags/flight-pipeline.py
[2026-02-27T20:52:12.775+0000] {processor.py:830} INFO - Processing file /opt/airflow/dags/flight-pipeline.py for tasks to queue
[2026-02-27T20:52:12.779+0000] {logging_mixin.py:188} INFO - [2026-02-27T20:52:12.778+0000] {dagbag.py:545} INFO - Filling up the DagBag from /opt/airflow/dags/flight-pipeline.py
[2026-02-27T20:52:14.700+0000] {processor.py:840} INFO - DAG(s) 'flights_ops_medallion_pipe' retrieved from /opt/airflow/dags/flight-pipeline.py
[2026-02-27T20:52:14.790+0000] {logging_mixin.py:188} INFO - [2026-02-27T20:52:14.789+0000] {dag.py:3089} INFO - Sync 1 DAGs
[2026-02-27T20:52:14.836+0000] {logging_mixin.py:188} INFO - [2026-02-27T20:52:14.836+0000] {dag.py:3947} INFO - Setting next_dagrun for flights_ops_medallion_pipe to 2026-02-27 20:00:00+00:00, run_after=2026-02-27 20:30:00+00:00
[2026-02-27T20:52:14.867+0000] {processor.py:183} INFO - Processing /opt/airflow/dags/flight-pipeline.py took 2.099 seconds
[2026-02-27T20:52:45.158+0000] {processor.py:161} INFO - Started process (PID=107) to work on /opt/airflow/dags/flight-pipeline.py
[2026-02-27T20:52:45.160+0000] {processor.py:830} INFO - Processing file /opt/airflow/dags/flight-pipeline.py for tasks to queue
[2026-02-27T20:52:45.162+0000] {logging_mixin.py:188} INFO - [2026-02-27T20:52:45.162+0000] {dagbag.py:545} INFO - Filling up the DagBag from /opt/airflow/dags/flight-pipeline.py
[2026-02-27T20:52:46.037+0000] {processor.py:840} INFO - DAG(s) 'flights_ops_medallion_pipe' retrieved from /opt/airflow/dags/flight-pipeline.py
[2026-02-27T20:52:46.067+0000] {logging_mixin.py:188} INFO - [2026-02-27T20:52:46.066+0000] {dag.py:3089} INFO - Sync 1 DAGs
[2026-02-27T20:52:46.088+0000] {logging_mixin.py:188} INFO - [2026-02-27T20:52:46.087+0000] {dag.py:3947} INFO - Setting next_dagrun for flights_ops_medallion_pipe to 2026-02-27 20:30:00+00:00, run_after=2026-02-27 21:00:00+00:00
[2026-02-27T20:52:46.102+0000] {processor.py:183} INFO - Processing /opt/airflow/dags/flight-pipeline.py took 0.951 seconds
[2026-02-27T20:53:16.314+0000] {processor.py:161} INFO - Started process (PID=140) to work on /opt/airflow/dags/flight-pipeline.py
[2026-02-27T20:53:16.316+0000] {processor.py:830} INFO - Processing file /opt/airflow/dags/flight-pipeline.py for tasks to queue
[2026-02-27T20:53:16.318+0000] {logging_mixin.py:188} INFO - [2026-02-27T20:53:16.318+0000] {dagbag.py:545} INFO - Filling up the DagBag from /opt/airflow/dags/flight-pipeline.py
[2026-02-27T20:53:17.174+0000] {processor.py:840} INFO - DAG(s) 'flights_ops_medallion_pipe' retrieved from /opt/airflow/dags/flight-pipeline.py
[2026-02-27T20:53:17.209+0000] {logging_mixin.py:188} INFO - [2026-02-27T20:53:17.209+0000] {dag.py:3089} INFO - Sync 1 DAGs
[2026-02-27T20:53:17.235+0000] {logging_mixin.py:188} INFO - [2026-02-27T20:53:17.235+0000] {dag.py:3947} INFO - Setting next_dagrun for flights_ops_medallion_pipe to 2026-02-27 20:30:00+00:00, run_after=2026-02-27 21:00:00+00:00
[2026-02-27T20:53:17.251+0000] {processor.py:183} INFO - Processing /opt/airflow/dags/flight-pipeline.py took 0.944 seconds
